{"/tmp/workspace/dukens11-create/drive/mobile-passenger/app/onboarding.tsx": {"path":"/tmp/workspace/dukens11-create/drive/mobile-passenger/app/onboarding.tsx","statementMap":{"0":{"start":{"line":14,"column":38},"end":{"line":14,"column":70}},"1":{"start":{"line":15,"column":24},"end":{"line":19,"column":1}},"2":{"start":{"line":20,"column":31},"end":{"line":20,"column":149}},"3":{"start":{"line":23,"column":156},"end":{"line":23,"column":165}},"4":{"start":{"line":24,"column":36},"end":{"line":24,"column":62}},"5":{"start":{"line":25,"column":16},"end":{"line":25,"column":27}},"6":{"start":{"line":26,"column":42},"end":{"line":26,"column":57}},"7":{"start":{"line":27,"column":40},"end":{"line":27,"column":69}},"8":{"start":{"line":28,"column":2},"end":{"line":28,"column":34}},"9":{"start":{"line":29,"column":28},"end":{"line":29,"column":71}},"10":{"start":{"line":31,"column":4},"end":{"line":37,"column":51}},"11":{"start":{"line":39,"column":2},"end":{"line":41,"column":3}},"12":{"start":{"line":40,"column":4},"end":{"line":40,"column":47}},"13":{"start":{"line":43,"column":2},"end":{"line":45,"column":3}},"14":{"start":{"line":44,"column":4},"end":{"line":44,"column":39}},"15":{"start":{"line":47,"column":22},"end":{"line":64,"column":3}},"16":{"start":{"line":48,"column":4},"end":{"line":48,"column":26}},"17":{"start":{"line":49,"column":4},"end":{"line":49,"column":25}},"18":{"start":{"line":50,"column":4},"end":{"line":63,"column":5}},"19":{"start":{"line":51,"column":6},"end":{"line":51,"column":55}},"20":{"start":{"line":52,"column":25},"end":{"line":52,"column":75}},"21":{"start":{"line":53,"column":6},"end":{"line":58,"column":7}},"22":{"start":{"line":54,"column":8},"end":{"line":54,"column":65}},"23":{"start":{"line":56,"column":24},"end":{"line":56,"column":66}},"24":{"start":{"line":57,"column":8},"end":{"line":57,"column":99}},"25":{"start":{"line":60,"column":6},"end":{"line":60,"column":101}},"26":{"start":{"line":62,"column":6},"end":{"line":62,"column":29}},"27":{"start":{"line":66,"column":32},"end":{"line":77,"column":3}},"28":{"start":{"line":67,"column":4},"end":{"line":67,"column":26}},"29":{"start":{"line":68,"column":4},"end":{"line":68,"column":25}},"30":{"start":{"line":69,"column":4},"end":{"line":76,"column":5}},"31":{"start":{"line":70,"column":6},"end":{"line":70,"column":53}},"32":{"start":{"line":71,"column":6},"end":{"line":71,"column":58}},"33":{"start":{"line":73,"column":6},"end":{"line":73,"column":103}},"34":{"start":{"line":75,"column":6},"end":{"line":75,"column":29}},"35":{"start":{"line":79,"column":33},"end":{"line":99,"column":3}},"36":{"start":{"line":80,"column":4},"end":{"line":82,"column":5}},"37":{"start":{"line":81,"column":6},"end":{"line":81,"column":13}},"38":{"start":{"line":84,"column":4},"end":{"line":84,"column":26}},"39":{"start":{"line":85,"column":4},"end":{"line":85,"column":25}},"40":{"start":{"line":86,"column":4},"end":{"line":98,"column":5}},"41":{"start":{"line":87,"column":6},"end":{"line":87,"column":48}},"42":{"start":{"line":88,"column":6},"end":{"line":92,"column":7}},"43":{"start":{"line":89,"column":8},"end":{"line":89,"column":45}},"44":{"start":{"line":91,"column":8},"end":{"line":91,"column":52}},"45":{"start":{"line":93,"column":6},"end":{"line":93,"column":32}},"46":{"start":{"line":95,"column":6},"end":{"line":95,"column":94}},"47":{"start":{"line":97,"column":6},"end":{"line":97,"column":29}},"48":{"start":{"line":101,"column":2},"end":{"line":173,"column":4}},"49":{"start":{"line":109,"column":10},"end":{"line":111,"column":17}},"50":{"start":{"line":139,"column":10},"end":{"line":141,"column":17}},"51":{"start":{"line":176,"column":16},"end":{"line":182,"column":1}},"52":{"start":{"line":177,"column":2},"end":{"line":181,"column":9}},"53":{"start":{"line":184,"column":21},"end":{"line":200,"column":1}},"54":{"start":{"line":197,"column":2},"end":{"line":199,"column":14}}},"fnMap":{"0":{"name":"OnboardingScreen","decl":{"start":{"line":22,"column":24},"end":{"line":22,"column":40}},"loc":{"start":{"line":22,"column":43},"end":{"line":174,"column":1}},"line":22},"1":{"name":"(anonymous_1)","decl":{"start":{"line":47,"column":22},"end":{"line":47,"column":23}},"loc":{"start":{"line":47,"column":34},"end":{"line":64,"column":3}},"line":47},"2":{"name":"(anonymous_2)","decl":{"start":{"line":66,"column":32},"end":{"line":66,"column":33}},"loc":{"start":{"line":66,"column":44},"end":{"line":77,"column":3}},"line":66},"3":{"name":"(anonymous_3)","decl":{"start":{"line":79,"column":33},"end":{"line":79,"column":34}},"loc":{"start":{"line":79,"column":45},"end":{"line":99,"column":3}},"line":79},"4":{"name":"(anonymous_4)","decl":{"start":{"line":108,"column":36},"end":{"line":108,"column":37}},"loc":{"start":{"line":109,"column":10},"end":{"line":111,"column":17}},"line":109},"5":{"name":"(anonymous_5)","decl":{"start":{"line":138,"column":29},"end":{"line":138,"column":30}},"loc":{"start":{"line":139,"column":10},"end":{"line":141,"column":17}},"line":139},"6":{"name":"(anonymous_6)","decl":{"start":{"line":176,"column":16},"end":{"line":176,"column":17}},"loc":{"start":{"line":177,"column":2},"end":{"line":181,"column":9}},"line":177},"7":{"name":"(anonymous_7)","decl":{"start":{"line":184,"column":21},"end":{"line":184,"column":22}},"loc":{"start":{"line":197,"column":2},"end":{"line":199,"column":14}},"line":197}},"branchMap":{"0":{"loc":{"start":{"line":29,"column":29},"end":{"line":29,"column":63}},"type":"binary-expr","locations":[{"start":{"line":29,"column":29},"end":{"line":29,"column":57}},{"start":{"line":29,"column":61},"end":{"line":29,"column":63}}],"line":29},"1":{"loc":{"start":{"line":31,"column":4},"end":{"line":37,"column":51}},"type":"cond-expr","locations":[{"start":{"line":32,"column":8},"end":{"line":32,"column":48}},{"start":{"line":33,"column":8},"end":{"line":37,"column":51}}],"line":31},"2":{"loc":{"start":{"line":33,"column":8},"end":{"line":37,"column":51}},"type":"cond-expr","locations":[{"start":{"line":34,"column":10},"end":{"line":34,"column":53}},{"start":{"line":35,"column":10},"end":{"line":37,"column":51}}],"line":33},"3":{"loc":{"start":{"line":35,"column":10},"end":{"line":37,"column":51}},"type":"cond-expr","locations":[{"start":{"line":36,"column":12},"end":{"line":36,"column":54}},{"start":{"line":37,"column":12},"end":{"line":37,"column":51}}],"line":35},"4":{"loc":{"start":{"line":39,"column":2},"end":{"line":41,"column":3}},"type":"if","locations":[{"start":{"line":39,"column":2},"end":{"line":41,"column":3}},{"start":{},"end":{}}],"line":39},"5":{"loc":{"start":{"line":43,"column":2},"end":{"line":45,"column":3}},"type":"if","locations":[{"start":{"line":43,"column":2},"end":{"line":45,"column":3}},{"start":{},"end":{}}],"line":43},"6":{"loc":{"start":{"line":53,"column":6},"end":{"line":58,"column":7}},"type":"if","locations":[{"start":{"line":53,"column":6},"end":{"line":58,"column":7}},{"start":{"line":55,"column":13},"end":{"line":58,"column":7}}],"line":53},"7":{"loc":{"start":{"line":60,"column":21},"end":{"line":60,"column":99}},"type":"cond-expr","locations":[{"start":{"line":60,"column":46},"end":{"line":60,"column":59}},{"start":{"line":60,"column":62},"end":{"line":60,"column":99}}],"line":60},"8":{"loc":{"start":{"line":73,"column":21},"end":{"line":73,"column":101}},"type":"cond-expr","locations":[{"start":{"line":73,"column":46},"end":{"line":73,"column":59}},{"start":{"line":73,"column":62},"end":{"line":73,"column":101}}],"line":73},"9":{"loc":{"start":{"line":80,"column":4},"end":{"line":82,"column":5}},"type":"if","locations":[{"start":{"line":80,"column":4},"end":{"line":82,"column":5}},{"start":{},"end":{}}],"line":80},"10":{"loc":{"start":{"line":88,"column":6},"end":{"line":92,"column":7}},"type":"if","locations":[{"start":{"line":88,"column":6},"end":{"line":92,"column":7}},{"start":{"line":90,"column":13},"end":{"line":92,"column":7}}],"line":88},"11":{"loc":{"start":{"line":95,"column":21},"end":{"line":95,"column":92}},"type":"cond-expr","locations":[{"start":{"line":95,"column":46},"end":{"line":95,"column":59}},{"start":{"line":95,"column":62},"end":{"line":95,"column":92}}],"line":95},"12":{"loc":{"start":{"line":118,"column":17},"end":{"line":118,"column":60}},"type":"cond-expr","locations":[{"start":{"line":118,"column":37},"end":{"line":118,"column":48}},{"start":{"line":118,"column":51},"end":{"line":118,"column":60}}],"line":118},"13":{"loc":{"start":{"line":145,"column":7},"end":{"line":152,"column":14}},"type":"cond-expr","locations":[{"start":{"line":146,"column":8},"end":{"line":151,"column":15}},{"start":{"line":152,"column":10},"end":{"line":152,"column":14}}],"line":145},"14":{"loc":{"start":{"line":145,"column":7},"end":{"line":145,"column":102}},"type":"binary-expr","locations":[{"start":{"line":145,"column":7},"end":{"line":145,"column":58}},{"start":{"line":145,"column":62},"end":{"line":145,"column":102}}],"line":145},"15":{"loc":{"start":{"line":154,"column":7},"end":{"line":156,"column":14}},"type":"cond-expr","locations":[{"start":{"line":155,"column":8},"end":{"line":155,"column":196}},{"start":{"line":156,"column":10},"end":{"line":156,"column":14}}],"line":154},"16":{"loc":{"start":{"line":157,"column":7},"end":{"line":159,"column":14}},"type":"cond-expr","locations":[{"start":{"line":158,"column":8},"end":{"line":158,"column":204}},{"start":{"line":159,"column":10},"end":{"line":159,"column":14}}],"line":157},"17":{"loc":{"start":{"line":160,"column":7},"end":{"line":168,"column":14}},"type":"cond-expr","locations":[{"start":{"line":161,"column":8},"end":{"line":167,"column":10}},{"start":{"line":168,"column":10},"end":{"line":168,"column":14}}],"line":160},"18":{"loc":{"start":{"line":162,"column":17},"end":{"line":162,"column":141}},"type":"cond-expr","locations":[{"start":{"line":162,"column":74},"end":{"line":162,"column":106}},{"start":{"line":162,"column":109},"end":{"line":162,"column":141}}],"line":162},"19":{"loc":{"start":{"line":163,"column":19},"end":{"line":163,"column":54}},"type":"binary-expr","locations":[{"start":{"line":163,"column":19},"end":{"line":163,"column":31}},{"start":{"line":163,"column":35},"end":{"line":163,"column":54}}],"line":163},"20":{"loc":{"start":{"line":171,"column":7},"end":{"line":171,"column":127}},"type":"cond-expr","locations":[{"start":{"line":171,"column":39},"end":{"line":171,"column":120}},{"start":{"line":171,"column":123},"end":{"line":171,"column":127}}],"line":171},"21":{"loc":{"start":{"line":171,"column":8},"end":{"line":171,"column":35}},"type":"binary-expr","locations":[{"start":{"line":171,"column":8},"end":{"line":171,"column":19}},{"start":{"line":171,"column":23},"end":{"line":171,"column":35}}],"line":171},"22":{"loc":{"start":{"line":171,"column":85},"end":{"line":171,"column":112}},"type":"binary-expr","locations":[{"start":{"line":171,"column":85},"end":{"line":171,"column":96}},{"start":{"line":171,"column":100},"end":{"line":171,"column":112}}],"line":171},"23":{"loc":{"start":{"line":177,"column":56},"end":{"line":177,"column":138}},"type":"cond-expr","locations":[{"start":{"line":177,"column":65},"end":{"line":177,"column":103}},{"start":{"line":177,"column":106},"end":{"line":177,"column":138}}],"line":177},"24":{"loc":{"start":{"line":198,"column":106},"end":{"line":198,"column":136}},"type":"cond-expr","locations":[{"start":{"line":198,"column":116},"end":{"line":198,"column":128}},{"start":{"line":198,"column":131},"end":{"line":198,"column":136}}],"line":198}},"s":{"0":2,"1":2,"2":2,"3":12,"4":12,"5":12,"6":12,"7":12,"8":12,"9":12,"10":12,"11":12,"12":0,"13":12,"14":0,"15":12,"16":2,"17":2,"18":2,"19":2,"20":2,"21":2,"22":1,"23":1,"24":1,"25":0,"26":2,"27":12,"28":1,"29":1,"30":1,"31":1,"32":1,"33":0,"34":1,"35":12,"36":1,"37":0,"38":1,"39":1,"40":1,"41":1,"42":1,"43":1,"44":0,"45":1,"46":0,"47":1,"48":12,"49":36,"50":36,"51":2,"52":36,"53":2,"54":12},"f":{"0":12,"1":2,"2":1,"3":1,"4":36,"5":36,"6":36,"7":12},"b":{"0":[12,6],"1":[0,12],"2":[0,12],"3":[3,9],"4":[0,12],"5":[0,12],"6":[1,1],"7":[0,0],"8":[0,0],"9":[0,1],"10":[1,0],"11":[0,0],"12":[6,6],"13":[0,12],"14":[12,12],"15":[6,6],"16":[3,9],"17":[3,9],"18":[3,0],"19":[3,2],"20":[0,12],"21":[12,12],"22":[0,0],"23":[12,24],"24":[4,8]},"_coverageSchema":"1a1c01bbd47fc00a2c39e90264f33305004495a9","hash":"eab5500d6dd8d467943df41a7fa0b957feb0bdaf"}
,"/tmp/workspace/dukens11-create/drive/mobile-passenger/src/components/drive/RideRequestCard.tsx": {"path":"/tmp/workspace/dukens11-create/drive/mobile-passenger/src/components/drive/RideRequestCard.tsx","statementMap":{"0":{"start":{"line":10,"column":28},"end":{"line":10,"column":37}},"1":{"start":{"line":12,"column":31},"end":{"line":230,"column":1}},"2":{"start":{"line":13,"column":101},"end":{"line":13,"column":119}},"3":{"start":{"line":14,"column":57},"end":{"line":14,"column":83}},"4":{"start":{"line":15,"column":55},"end":{"line":15,"column":66}},"5":{"start":{"line":16,"column":48},"end":{"line":16,"column":59}},"6":{"start":{"line":17,"column":50},"end":{"line":17,"column":62}},"7":{"start":{"line":18,"column":40},"end":{"line":18,"column":69}},"8":{"start":{"line":20,"column":2},"end":{"line":24,"column":27}},"9":{"start":{"line":21,"column":4},"end":{"line":21,"column":26}},"10":{"start":{"line":22,"column":4},"end":{"line":22,"column":28}},"11":{"start":{"line":23,"column":4},"end":{"line":23,"column":25}},"12":{"start":{"line":26,"column":2},"end":{"line":28,"column":3}},"13":{"start":{"line":27,"column":4},"end":{"line":27,"column":16}},"14":{"start":{"line":30,"column":2},"end":{"line":171,"column":3}},"15":{"start":{"line":31,"column":4},"end":{"line":33,"column":5}},"16":{"start":{"line":32,"column":6},"end":{"line":32,"column":18}},"17":{"start":{"line":35,"column":24},"end":{"line":35,"column":66}},"18":{"start":{"line":36,"column":23},"end":{"line":36,"column":58}},"19":{"start":{"line":37,"column":26},"end":{"line":37,"column":65}},"20":{"start":{"line":39,"column":4},"end":{"line":170,"column":6}},"21":{"start":{"line":63,"column":27},"end":{"line":63,"column":46}},"22":{"start":{"line":64,"column":29},"end":{"line":64,"column":50}},"23":{"start":{"line":65,"column":26},"end":{"line":65,"column":95}},"24":{"start":{"line":66,"column":12},"end":{"line":88,"column":14}},"25":{"start":{"line":100,"column":12},"end":{"line":110,"column":19}},"26":{"start":{"line":119,"column":16},"end":{"line":127,"column":28}},"27":{"start":{"line":122,"column":33},"end":{"line":122,"column":57}},"28":{"start":{"line":139,"column":16},"end":{"line":142,"column":131}},"29":{"start":{"line":141,"column":30},"end":{"line":141,"column":64}},"30":{"start":{"line":142,"column":36},"end":{"line":142,"column":129}},"31":{"start":{"line":173,"column":18},"end":{"line":173,"column":31}},"32":{"start":{"line":174,"column":24},"end":{"line":174,"column":44}},"33":{"start":{"line":176,"column":2},"end":{"line":229,"column":4}},"34":{"start":{"line":232,"column":17},"end":{"line":237,"column":1}},"35":{"start":{"line":233,"column":2},"end":{"line":236,"column":9}}},"fnMap":{"0":{"name":"(anonymous_0)","decl":{"start":{"line":12,"column":31},"end":{"line":12,"column":32}},"loc":{"start":{"line":12,"column":37},"end":{"line":230,"column":1}},"line":12},"1":{"name":"(anonymous_1)","decl":{"start":{"line":20,"column":12},"end":{"line":20,"column":13}},"loc":{"start":{"line":20,"column":18},"end":{"line":24,"column":3}},"line":20},"2":{"name":"(anonymous_2)","decl":{"start":{"line":62,"column":31},"end":{"line":62,"column":32}},"loc":{"start":{"line":62,"column":50},"end":{"line":89,"column":11}},"line":62},"3":{"name":"(anonymous_3)","decl":{"start":{"line":99,"column":29},"end":{"line":99,"column":30}},"loc":{"start":{"line":100,"column":12},"end":{"line":110,"column":19}},"line":100},"4":{"name":"(anonymous_4)","decl":{"start":{"line":118,"column":35},"end":{"line":118,"column":36}},"loc":{"start":{"line":119,"column":16},"end":{"line":127,"column":28}},"line":119},"5":{"name":"(anonymous_5)","decl":{"start":{"line":122,"column":27},"end":{"line":122,"column":28}},"loc":{"start":{"line":122,"column":33},"end":{"line":122,"column":57}},"line":122},"6":{"name":"(anonymous_6)","decl":{"start":{"line":138,"column":23},"end":{"line":138,"column":24}},"loc":{"start":{"line":138,"column":29},"end":{"line":143,"column":15}},"line":138},"7":{"name":"(anonymous_7)","decl":{"start":{"line":141,"column":24},"end":{"line":141,"column":25}},"loc":{"start":{"line":141,"column":30},"end":{"line":141,"column":64}},"line":141},"8":{"name":"(anonymous_8)","decl":{"start":{"line":142,"column":25},"end":{"line":142,"column":26}},"loc":{"start":{"line":142,"column":36},"end":{"line":142,"column":129}},"line":142},"9":{"name":"(anonymous_9)","decl":{"start":{"line":232,"column":17},"end":{"line":232,"column":18}},"loc":{"start":{"line":233,"column":2},"end":{"line":236,"column":9}},"line":233}},"branchMap":{"0":{"loc":{"start":{"line":26,"column":2},"end":{"line":28,"column":3}},"type":"if","locations":[{"start":{"line":26,"column":2},"end":{"line":28,"column":3}},{"start":{},"end":{}}],"line":26},"1":{"loc":{"start":{"line":26,"column":6},"end":{"line":26,"column":35}},"type":"binary-expr","locations":[{"start":{"line":26,"column":6},"end":{"line":26,"column":20}},{"start":{"line":26,"column":24},"end":{"line":26,"column":35}}],"line":26},"2":{"loc":{"start":{"line":30,"column":2},"end":{"line":171,"column":3}},"type":"if","locations":[{"start":{"line":30,"column":2},"end":{"line":171,"column":3}},{"start":{},"end":{}}],"line":30},"3":{"loc":{"start":{"line":31,"column":4},"end":{"line":33,"column":5}},"type":"if","locations":[{"start":{"line":31,"column":4},"end":{"line":33,"column":5}},{"start":{},"end":{}}],"line":31},"4":{"loc":{"start":{"line":40,"column":96},"end":{"line":40,"column":178}},"type":"cond-expr","locations":[{"start":{"line":40,"column":118},"end":{"line":40,"column":148}},{"start":{"line":40,"column":151},"end":{"line":40,"column":178}}],"line":40},"5":{"loc":{"start":{"line":49,"column":59},"end":{"line":49,"column":130}},"type":"cond-expr","locations":[{"start":{"line":49,"column":81},"end":{"line":49,"column":93}},{"start":{"line":49,"column":96},"end":{"line":49,"column":130}}],"line":49},"6":{"loc":{"start":{"line":50,"column":45},"end":{"line":50,"column":116}},"type":"cond-expr","locations":[{"start":{"line":50,"column":67},"end":{"line":50,"column":79}},{"start":{"line":50,"column":82},"end":{"line":50,"column":116}}],"line":50},"7":{"loc":{"start":{"line":51,"column":47},"end":{"line":51,"column":118}},"type":"cond-expr","locations":[{"start":{"line":51,"column":69},"end":{"line":51,"column":81}},{"start":{"line":51,"column":84},"end":{"line":51,"column":118}}],"line":51},"8":{"loc":{"start":{"line":65,"column":26},"end":{"line":65,"column":95}},"type":"cond-expr","locations":[{"start":{"line":65,"column":47},"end":{"line":65,"column":83}},{"start":{"line":65,"column":86},"end":{"line":65,"column":95}}],"line":65},"9":{"loc":{"start":{"line":65,"column":26},"end":{"line":65,"column":44}},"type":"binary-expr","locations":[{"start":{"line":65,"column":26},"end":{"line":65,"column":32}},{"start":{"line":65,"column":36},"end":{"line":65,"column":44}}],"line":65},"10":{"loc":{"start":{"line":71,"column":73},"end":{"line":71,"column":89}},"type":"cond-expr","locations":[{"start":{"line":71,"column":84},"end":{"line":71,"column":85}},{"start":{"line":71,"column":88},"end":{"line":71,"column":89}}],"line":71},"11":{"loc":{"start":{"line":77,"column":81},"end":{"line":77,"column":109}},"type":"cond-expr","locations":[{"start":{"line":77,"column":92},"end":{"line":77,"column":97}},{"start":{"line":77,"column":100},"end":{"line":77,"column":109}}],"line":77},"12":{"loc":{"start":{"line":81,"column":17},"end":{"line":86,"column":24}},"type":"cond-expr","locations":[{"start":{"line":82,"column":18},"end":{"line":85,"column":20}},{"start":{"line":86,"column":20},"end":{"line":86,"column":24}}],"line":81},"13":{"loc":{"start":{"line":84,"column":46},"end":{"line":84,"column":113}},"type":"cond-expr","locations":[{"start":{"line":84,"column":55},"end":{"line":84,"column":91}},{"start":{"line":84,"column":94},"end":{"line":84,"column":113}}],"line":84},"14":{"loc":{"start":{"line":114,"column":9},"end":{"line":158,"column":16}},"type":"cond-expr","locations":[{"start":{"line":115,"column":10},"end":{"line":150,"column":17}},{"start":{"line":151,"column":12},"end":{"line":158,"column":16}}],"line":114},"15":{"loc":{"start":{"line":114,"column":9},"end":{"line":114,"column":92}},"type":"binary-expr","locations":[{"start":{"line":114,"column":9},"end":{"line":114,"column":42}},{"start":{"line":114,"column":46},"end":{"line":114,"column":92}}],"line":114},"16":{"loc":{"start":{"line":121,"column":53},"end":{"line":121,"column":126}},"type":"cond-expr","locations":[{"start":{"line":121,"column":79},"end":{"line":121,"column":93}},{"start":{"line":121,"column":96},"end":{"line":121,"column":126}}],"line":121},"17":{"loc":{"start":{"line":142,"column":51},"end":{"line":142,"column":128}},"type":"cond-expr","locations":[{"start":{"line":142,"column":76},"end":{"line":142,"column":89}},{"start":{"line":142,"column":92},"end":{"line":142,"column":128}}],"line":142},"18":{"loc":{"start":{"line":149,"column":13},"end":{"line":149,"column":164}},"type":"cond-expr","locations":[{"start":{"line":149,"column":27},"end":{"line":149,"column":157}},{"start":{"line":149,"column":160},"end":{"line":149,"column":164}}],"line":149},"19":{"loc":{"start":{"line":151,"column":12},"end":{"line":158,"column":16}},"type":"cond-expr","locations":[{"start":{"line":152,"column":10},"end":{"line":157,"column":17}},{"start":{"line":158,"column":12},"end":{"line":158,"column":16}}],"line":151},"20":{"loc":{"start":{"line":151,"column":12},"end":{"line":151,"column":95}},"type":"binary-expr","locations":[{"start":{"line":151,"column":12},"end":{"line":151,"column":45}},{"start":{"line":151,"column":49},"end":{"line":151,"column":95}}],"line":151},"21":{"loc":{"start":{"line":155,"column":15},"end":{"line":155,"column":83}},"type":"cond-expr","locations":[{"start":{"line":155,"column":44},"end":{"line":155,"column":78}},{"start":{"line":155,"column":81},"end":{"line":155,"column":83}}],"line":155},"22":{"loc":{"start":{"line":177,"column":94},"end":{"line":177,"column":176}},"type":"cond-expr","locations":[{"start":{"line":177,"column":116},"end":{"line":177,"column":146}},{"start":{"line":177,"column":149},"end":{"line":177,"column":176}}],"line":177},"23":{"loc":{"start":{"line":184,"column":59},"end":{"line":184,"column":130}},"type":"cond-expr","locations":[{"start":{"line":184,"column":81},"end":{"line":184,"column":93}},{"start":{"line":184,"column":96},"end":{"line":184,"column":130}}],"line":184},"24":{"loc":{"start":{"line":185,"column":43},"end":{"line":185,"column":114}},"type":"cond-expr","locations":[{"start":{"line":185,"column":65},"end":{"line":185,"column":77}},{"start":{"line":185,"column":80},"end":{"line":185,"column":114}}],"line":185},"25":{"loc":{"start":{"line":195,"column":36},"end":{"line":195,"column":73}},"type":"cond-expr","locations":[{"start":{"line":195,"column":52},"end":{"line":195,"column":61}},{"start":{"line":195,"column":64},"end":{"line":195,"column":73}}],"line":195},"26":{"loc":{"start":{"line":197,"column":94},"end":{"line":197,"column":131}},"type":"cond-expr","locations":[{"start":{"line":197,"column":110},"end":{"line":197,"column":119}},{"start":{"line":197,"column":122},"end":{"line":197,"column":131}}],"line":197},"27":{"loc":{"start":{"line":200,"column":68},"end":{"line":200,"column":105}},"type":"cond-expr","locations":[{"start":{"line":200,"column":84},"end":{"line":200,"column":93}},{"start":{"line":200,"column":96},"end":{"line":200,"column":105}}],"line":200},"28":{"loc":{"start":{"line":221,"column":62},"end":{"line":221,"column":147}},"type":"cond-expr","locations":[{"start":{"line":221,"column":84},"end":{"line":221,"column":114}},{"start":{"line":221,"column":117},"end":{"line":221,"column":147}}],"line":221},"29":{"loc":{"start":{"line":222,"column":56},"end":{"line":222,"column":127}},"type":"cond-expr","locations":[{"start":{"line":222,"column":78},"end":{"line":222,"column":90}},{"start":{"line":222,"column":93},"end":{"line":222,"column":127}}],"line":222}},"s":{"0":2,"1":2,"2":11,"3":11,"4":11,"5":11,"6":11,"7":11,"8":11,"9":7,"10":7,"11":7,"12":11,"13":0,"14":11,"15":8,"16":0,"17":8,"18":8,"19":8,"20":8,"21":24,"22":24,"23":24,"24":24,"25":8,"26":30,"27":1,"28":2,"29":1,"30":1,"31":3,"32":3,"33":3,"34":2,"35":15},"f":{"0":11,"1":7,"2":24,"3":8,"4":30,"5":1,"6":2,"7":1,"8":1,"9":15},"b":{"0":[0,11],"1":[11,8],"2":[8,3],"3":[0,8],"4":[0,8],"5":[0,8],"6":[0,8],"7":[0,8],"8":[22,2],"9":[24,10],"10":[8,16],"11":[8,16],"12":[16,8],"13":[14,2],"14":[6,2],"15":[8,6],"16":[24,6],"17":[1,0],"18":[2,4],"19":[0,2],"20":[2,0],"21":[0,0],"22":[0,3],"23":[0,3],"24":[0,3],"25":[1,2],"26":[1,2],"27":[1,2],"28":[0,3],"29":[0,3]},"_coverageSchema":"1a1c01bbd47fc00a2c39e90264f33305004495a9","hash":"0966611560b7868f50108f100daef225c6b690fe"}
,"/tmp/workspace/dukens11-create/drive/mobile-passenger/src/services/realtime/mockDriveFeed.ts": {"path":"/tmp/workspace/dukens11-create/drive/mobile-passenger/src/services/realtime/mockDriveFeed.ts","statementMap":{"0":{"start":{"line":3,"column":25},"end":{"line":3,"column":68}},"1":{"start":{"line":4,"column":21},"end":{"line":4,"column":59}},"2":{"start":{"line":5,"column":20},"end":{"line":5,"column":77}},"3":{"start":{"line":6,"column":24},"end":{"line":6,"column":44}},"4":{"start":{"line":7,"column":20},"end":{"line":7,"column":40}},"5":{"start":{"line":8,"column":19},"end":{"line":8,"column":68}},"6":{"start":{"line":9,"column":24},"end":{"line":9,"column":167}},"7":{"start":{"line":10,"column":25},"end":{"line":10,"column":143}},"8":{"start":{"line":11,"column":21},"end":{"line":11,"column":45}},"9":{"start":{"line":12,"column":30},"end":{"line":12,"column":71}},"10":{"start":{"line":13,"column":66},"end":{"line":13,"column":148}},"11":{"start":{"line":22,"column":31},"end":{"line":22,"column":53}},"12":{"start":{"line":22,"column":45},"end":{"line":22,"column":53}},"13":{"start":{"line":24,"column":30},"end":{"line":27,"column":2}},"14":{"start":{"line":24,"column":70},"end":{"line":27,"column":1}},"15":{"start":{"line":29,"column":35},"end":{"line":36,"column":5}},"16":{"start":{"line":30,"column":2},"end":{"line":36,"column":5}},"17":{"start":{"line":30,"column":46},"end":{"line":36,"column":3}},"18":{"start":{"line":38,"column":52},"end":{"line":42,"column":1}},"19":{"start":{"line":44,"column":33},"end":{"line":60,"column":5}},"20":{"start":{"line":45,"column":2},"end":{"line":60,"column":5}},"21":{"start":{"line":45,"column":46},"end":{"line":60,"column":3}},"22":{"start":{"line":62,"column":21},"end":{"line":71,"column":1}},"23":{"start":{"line":66,"column":24},"end":{"line":66,"column":82}},"24":{"start":{"line":67,"column":22},"end":{"line":67,"column":85}},"25":{"start":{"line":69,"column":4},"end":{"line":69,"column":114}},"26":{"start":{"line":70,"column":2},"end":{"line":70,"column":162}},"27":{"start":{"line":73,"column":29},"end":{"line":82,"column":1}},"28":{"start":{"line":74,"column":26},"end":{"line":74,"column":61}},"29":{"start":{"line":75,"column":27},"end":{"line":75,"column":77}},"30":{"start":{"line":76,"column":2},"end":{"line":81,"column":4}},"31":{"start":{"line":84,"column":48},"end":{"line":85,"column":118}},"32":{"start":{"line":85,"column":2},"end":{"line":85,"column":118}},"33":{"start":{"line":87,"column":41},"end":{"line":111,"column":1}},"34":{"start":{"line":92,"column":22},"end":{"line":92,"column":49}},"35":{"start":{"line":93,"column":30},"end":{"line":95,"column":3}},"36":{"start":{"line":94,"column":4},"end":{"line":94,"column":56}},"37":{"start":{"line":97,"column":25},"end":{"line":108,"column":6}},"38":{"start":{"line":98,"column":25},"end":{"line":98,"column":53}},"39":{"start":{"line":99,"column":25},"end":{"line":99,"column":105}},"40":{"start":{"line":100,"column":25},"end":{"line":100,"column":79}},"41":{"start":{"line":102,"column":25},"end":{"line":102,"column":63}},"42":{"start":{"line":103,"column":24},"end":{"line":103,"column":61}},"43":{"start":{"line":104,"column":6},"end":{"line":106,"column":7}},"44":{"start":{"line":105,"column":8},"end":{"line":105,"column":38}},"45":{"start":{"line":107,"column":6},"end":{"line":107,"column":45}},"46":{"start":{"line":110,"column":2},"end":{"line":110,"column":86}},"47":{"start":{"line":113,"column":31},"end":{"line":117,"column":1}},"48":{"start":{"line":113,"column":56},"end":{"line":117,"column":1}}},"fnMap":{"0":{"name":"(anonymous_0)","decl":{"start":{"line":22,"column":31},"end":{"line":22,"column":32}},"loc":{"start":{"line":22,"column":45},"end":{"line":22,"column":53}},"line":22},"1":{"name":"(anonymous_1)","decl":{"start":{"line":24,"column":30},"end":{"line":24,"column":31}},"loc":{"start":{"line":24,"column":70},"end":{"line":27,"column":1}},"line":24},"2":{"name":"(anonymous_2)","decl":{"start":{"line":29,"column":35},"end":{"line":29,"column":36}},"loc":{"start":{"line":30,"column":2},"end":{"line":36,"column":5}},"line":30},"3":{"name":"(anonymous_3)","decl":{"start":{"line":30,"column":22},"end":{"line":30,"column":23}},"loc":{"start":{"line":30,"column":46},"end":{"line":36,"column":3}},"line":30},"4":{"name":"(anonymous_4)","decl":{"start":{"line":44,"column":33},"end":{"line":44,"column":34}},"loc":{"start":{"line":45,"column":2},"end":{"line":60,"column":5}},"line":45},"5":{"name":"(anonymous_5)","decl":{"start":{"line":45,"column":22},"end":{"line":45,"column":23}},"loc":{"start":{"line":45,"column":46},"end":{"line":60,"column":3}},"line":45},"6":{"name":"(anonymous_6)","decl":{"start":{"line":62,"column":21},"end":{"line":62,"column":22}},"loc":{"start":{"line":65,"column":5},"end":{"line":71,"column":1}},"line":65},"7":{"name":"(anonymous_7)","decl":{"start":{"line":73,"column":29},"end":{"line":73,"column":30}},"loc":{"start":{"line":73,"column":113},"end":{"line":82,"column":1}},"line":73},"8":{"name":"(anonymous_8)","decl":{"start":{"line":84,"column":48},"end":{"line":84,"column":49}},"loc":{"start":{"line":85,"column":2},"end":{"line":85,"column":118}},"line":85},"9":{"name":"(anonymous_9)","decl":{"start":{"line":87,"column":41},"end":{"line":87,"column":42}},"loc":{"start":{"line":91,"column":64},"end":{"line":111,"column":1}},"line":91},"10":{"name":"(anonymous_10)","decl":{"start":{"line":93,"column":61},"end":{"line":93,"column":62}},"loc":{"start":{"line":94,"column":4},"end":{"line":94,"column":56}},"line":94},"11":{"name":"(anonymous_11)","decl":{"start":{"line":98,"column":12},"end":{"line":98,"column":13}},"loc":{"start":{"line":98,"column":25},"end":{"line":98,"column":53}},"line":98},"12":{"name":"(anonymous_12)","decl":{"start":{"line":99,"column":12},"end":{"line":99,"column":13}},"loc":{"start":{"line":99,"column":25},"end":{"line":99,"column":105}},"line":99},"13":{"name":"(anonymous_13)","decl":{"start":{"line":100,"column":12},"end":{"line":100,"column":13}},"loc":{"start":{"line":100,"column":25},"end":{"line":100,"column":79}},"line":100},"14":{"name":"(anonymous_14)","decl":{"start":{"line":101,"column":10},"end":{"line":101,"column":11}},"loc":{"start":{"line":101,"column":27},"end":{"line":108,"column":5}},"line":101},"15":{"name":"(anonymous_15)","decl":{"start":{"line":113,"column":31},"end":{"line":113,"column":32}},"loc":{"start":{"line":113,"column":56},"end":{"line":117,"column":1}},"line":113}},"branchMap":{"0":{"loc":{"start":{"line":24,"column":31},"end":{"line":24,"column":40}},"type":"default-arg","locations":[{"start":{"line":24,"column":39},"end":{"line":24,"column":40}}],"line":24},"1":{"loc":{"start":{"line":24,"column":42},"end":{"line":24,"column":56}},"type":"default-arg","locations":[{"start":{"line":24,"column":51},"end":{"line":24,"column":56}}],"line":24},"2":{"loc":{"start":{"line":66,"column":24},"end":{"line":66,"column":82}},"type":"cond-expr","locations":[{"start":{"line":66,"column":75},"end":{"line":66,"column":76}},{"start":{"line":66,"column":79},"end":{"line":66,"column":82}}],"line":66},"3":{"loc":{"start":{"line":67,"column":22},"end":{"line":67,"column":85}},"type":"cond-expr","locations":[{"start":{"line":67,"column":78},"end":{"line":67,"column":79}},{"start":{"line":67,"column":82},"end":{"line":67,"column":85}}],"line":67},"4":{"loc":{"start":{"line":69,"column":4},"end":{"line":69,"column":114}},"type":"cond-expr","locations":[{"start":{"line":69,"column":108},"end":{"line":69,"column":109}},{"start":{"line":69,"column":112},"end":{"line":69,"column":114}}],"line":69},"5":{"loc":{"start":{"line":69,"column":4},"end":{"line":69,"column":105}},"type":"binary-expr","locations":[{"start":{"line":69,"column":4},"end":{"line":69,"column":45}},{"start":{"line":69,"column":49},"end":{"line":69,"column":105}}],"line":69},"6":{"loc":{"start":{"line":74,"column":26},"end":{"line":74,"column":61}},"type":"binary-expr","locations":[{"start":{"line":74,"column":26},"end":{"line":74,"column":56}},{"start":{"line":74,"column":60},"end":{"line":74,"column":61}}],"line":74},"7":{"loc":{"start":{"line":85,"column":76},"end":{"line":85,"column":115}},"type":"cond-expr","locations":[{"start":{"line":85,"column":110},"end":{"line":85,"column":111}},{"start":{"line":85,"column":114},"end":{"line":85,"column":115}}],"line":85},"8":{"loc":{"start":{"line":87,"column":42},"end":{"line":91,"column":37}},"type":"default-arg","locations":[{"start":{"line":91,"column":35},"end":{"line":91,"column":37}}],"line":87},"9":{"loc":{"start":{"line":88,"column":2},"end":{"line":88,"column":46}},"type":"default-arg","locations":[{"start":{"line":88,"column":22},"end":{"line":88,"column":46}}],"line":88},"10":{"loc":{"start":{"line":89,"column":2},"end":{"line":89,"column":40}},"type":"default-arg","locations":[{"start":{"line":89,"column":19},"end":{"line":89,"column":40}}],"line":89},"11":{"loc":{"start":{"line":90,"column":2},"end":{"line":90,"column":25}},"type":"default-arg","locations":[{"start":{"line":90,"column":23},"end":{"line":90,"column":25}}],"line":90},"12":{"loc":{"start":{"line":104,"column":6},"end":{"line":106,"column":7}},"type":"if","locations":[{"start":{"line":104,"column":6},"end":{"line":106,"column":7}},{"start":{},"end":{}}],"line":104},"13":{"loc":{"start":{"line":110,"column":9},"end":{"line":110,"column":85}},"type":"cond-expr","locations":[{"start":{"line":110,"column":37},"end":{"line":110,"column":51}},{"start":{"line":110,"column":54},"end":{"line":110,"column":85}}],"line":110}},"s":{"0":1,"1":1,"2":1,"3":1,"4":1,"5":1,"6":1,"7":1,"8":1,"9":1,"10":1,"11":1,"12":0,"13":1,"14":24,"15":1,"16":2,"17":8,"18":1,"19":1,"20":2,"21":8,"22":1,"23":0,"24":0,"25":0,"26":0,"27":1,"28":8,"29":8,"30":8,"31":1,"32":2,"33":1,"34":2,"35":2,"36":8,"37":2,"38":8,"39":3,"40":3,"41":0,"42":0,"43":0,"44":0,"45":0,"46":2,"47":1,"48":0},"f":{"0":0,"1":24,"2":2,"3":8,"4":2,"5":8,"6":0,"7":8,"8":2,"9":2,"10":8,"11":8,"12":3,"13":3,"14":0,"15":0},"b":{"0":[0],"1":[24],"2":[0,0],"3":[0,0],"4":[0,0],"5":[0,0],"6":[8,0],"7":[1,1],"8":[0],"9":[0],"10":[1],"11":[0],"12":[0,0],"13":[1,1]},"_coverageSchema":"1a1c01bbd47fc00a2c39e90264f33305004495a9","hash":"f97cc463ee6bcd7a3cfde52551eb3f4c961a3da5"}
,"/tmp/workspace/dukens11-create/drive/mobile-passenger/src/utils/driveStatus.ts": {"path":"/tmp/workspace/dukens11-create/drive/mobile-passenger/src/utils/driveStatus.ts","statementMap":{"0":{"start":{"line":3,"column":55},"end":{"line":3,"column":95}},"1":{"start":{"line":5,"column":68},"end":{"line":9,"column":1}},"2":{"start":{"line":11,"column":134},"end":{"line":45,"column":1}},"3":{"start":{"line":47,"column":33},"end":{"line":50,"column":1}},"4":{"start":{"line":48,"column":23},"end":{"line":48,"column":54}},"5":{"start":{"line":49,"column":2},"end":{"line":49,"column":51}}},"fnMap":{"0":{"name":"(anonymous_0)","decl":{"start":{"line":47,"column":33},"end":{"line":47,"column":34}},"loc":{"start":{"line":47,"column":96},"end":{"line":50,"column":1}},"line":47}},"branchMap":{"0":{"loc":{"start":{"line":49,"column":9},"end":{"line":49,"column":50}},"type":"binary-expr","locations":[{"start":{"line":49,"column":9},"end":{"line":49,"column":42}},{"start":{"line":49,"column":46},"end":{"line":49,"column":50}}],"line":49}},"s":{"0":3,"1":3,"2":3,"3":3,"4":3,"5":3},"f":{"0":3},"b":{"0":[3,1]},"_coverageSchema":"1a1c01bbd47fc00a2c39e90264f33305004495a9","hash":"ffca651957472adff5fcd1e08ff3cf800a4d3db8"}
,"/tmp/workspace/dukens11-create/drive/mobile-passenger/src/utils/navigation.ts": {"path":"/tmp/workspace/dukens11-create/drive/mobile-passenger/src/utils/navigation.ts","statementMap":{"0":{"start":{"line":18,"column":24},"end":{"line":18,"column":28}},"1":{"start":{"line":19,"column":39},"end":{"line":19,"column":41}},"2":{"start":{"line":21,"column":18},"end":{"line":21,"column":64}},"3":{"start":{"line":21,"column":39},"end":{"line":21,"column":64}},"4":{"start":{"line":22,"column":18},"end":{"line":22,"column":64}},"5":{"start":{"line":22,"column":39},"end":{"line":22,"column":64}},"6":{"start":{"line":24,"column":33},"end":{"line":35,"column":1}},"7":{"start":{"line":25,"column":19},"end":{"line":25,"column":59}},"8":{"start":{"line":26,"column":19},"end":{"line":26,"column":61}},"9":{"start":{"line":27,"column":15},"end":{"line":27,"column":40}},"10":{"start":{"line":28,"column":15},"end":{"line":28,"column":38}},"11":{"start":{"line":31,"column":4},"end":{"line":32,"column":85}},"12":{"start":{"line":34,"column":2},"end":{"line":34,"column":90}},"13":{"start":{"line":37,"column":23},"end":{"line":46,"column":1}},"14":{"start":{"line":38,"column":15},"end":{"line":38,"column":40}},"15":{"start":{"line":39,"column":15},"end":{"line":39,"column":38}},"16":{"start":{"line":40,"column":19},"end":{"line":40,"column":61}},"17":{"start":{"line":42,"column":12},"end":{"line":42,"column":47}},"18":{"start":{"line":43,"column":12},"end":{"line":43,"column":98}},"19":{"start":{"line":45,"column":2},"end":{"line":45,"column":51}},"20":{"start":{"line":48,"column":27},"end":{"line":51,"column":1}},"21":{"start":{"line":49,"column":18},"end":{"line":49,"column":108}},"22":{"start":{"line":50,"column":2},"end":{"line":50,"column":60}},"23":{"start":{"line":53,"column":32},"end":{"line":54,"column":55}},"24":{"start":{"line":54,"column":2},"end":{"line":54,"column":55}},"25":{"start":{"line":56,"column":27},"end":{"line":66,"column":1}},"26":{"start":{"line":57,"column":26},"end":{"line":57,"column":28}},"27":{"start":{"line":58,"column":2},"end":{"line":64,"column":3}},"28":{"start":{"line":58,"column":19},"end":{"line":58,"column":20}},"29":{"start":{"line":59,"column":21},"end":{"line":59,"column":35}},"30":{"start":{"line":60,"column":4},"end":{"line":63,"column":7}},"31":{"start":{"line":65,"column":2},"end":{"line":65,"column":15}},"32":{"start":{"line":68,"column":26},"end":{"line":76,"column":1}},"33":{"start":{"line":69,"column":2},"end":{"line":71,"column":3}},"34":{"start":{"line":70,"column":4},"end":{"line":70,"column":63}},"35":{"start":{"line":72,"column":2},"end":{"line":74,"column":3}},"36":{"start":{"line":73,"column":4},"end":{"line":73,"column":42}},"37":{"start":{"line":75,"column":2},"end":{"line":75,"column":18}},"38":{"start":{"line":78,"column":36},"end":{"line":116,"column":1}},"39":{"start":{"line":79,"column":2},"end":{"line":81,"column":3}},"40":{"start":{"line":80,"column":4},"end":{"line":80,"column":16}},"41":{"start":{"line":83,"column":20},"end":{"line":83,"column":51}},"42":{"start":{"line":84,"column":2},"end":{"line":86,"column":3}},"43":{"start":{"line":85,"column":4},"end":{"line":85,"column":16}},"44":{"start":{"line":88,"column":16},"end":{"line":98,"column":4}},"45":{"start":{"line":89,"column":17},"end":{"line":89,"column":33}},"46":{"start":{"line":90,"column":23},"end":{"line":90,"column":53}},"47":{"start":{"line":91,"column":20},"end":{"line":91,"column":67}},"48":{"start":{"line":92,"column":29},"end":{"line":92,"column":93}},"49":{"start":{"line":93,"column":4},"end":{"line":97,"column":6}},"50":{"start":{"line":100,"column":19},"end":{"line":103,"column":4}},"51":{"start":{"line":101,"column":20},"end":{"line":101,"column":63}},"52":{"start":{"line":102,"column":4},"end":{"line":102,"column":52}},"53":{"start":{"line":105,"column":30},"end":{"line":105,"column":102}},"54":{"start":{"line":105,"column":65},"end":{"line":105,"column":86}},"55":{"start":{"line":106,"column":35},"end":{"line":106,"column":88}},"56":{"start":{"line":106,"column":63},"end":{"line":106,"column":84}},"57":{"start":{"line":108,"column":2},"end":{"line":115,"column":4}}},"fnMap":{"0":{"name":"(anonymous_0)","decl":{"start":{"line":21,"column":18},"end":{"line":21,"column":19}},"loc":{"start":{"line":21,"column":39},"end":{"line":21,"column":64}},"line":21},"1":{"name":"(anonymous_1)","decl":{"start":{"line":22,"column":18},"end":{"line":22,"column":19}},"loc":{"start":{"line":22,"column":39},"end":{"line":22,"column":64}},"line":22},"2":{"name":"(anonymous_2)","decl":{"start":{"line":24,"column":33},"end":{"line":24,"column":34}},"loc":{"start":{"line":24,"column":65},"end":{"line":35,"column":1}},"line":24},"3":{"name":"(anonymous_3)","decl":{"start":{"line":37,"column":23},"end":{"line":37,"column":24}},"loc":{"start":{"line":37,"column":55},"end":{"line":46,"column":1}},"line":37},"4":{"name":"(anonymous_4)","decl":{"start":{"line":48,"column":27},"end":{"line":48,"column":28}},"loc":{"start":{"line":48,"column":48},"end":{"line":51,"column":1}},"line":48},"5":{"name":"(anonymous_5)","decl":{"start":{"line":53,"column":32},"end":{"line":53,"column":33}},"loc":{"start":{"line":54,"column":2},"end":{"line":54,"column":55}},"line":54},"6":{"name":"(anonymous_6)","decl":{"start":{"line":56,"column":27},"end":{"line":56,"column":28}},"loc":{"start":{"line":56,"column":72},"end":{"line":66,"column":1}},"line":56},"7":{"name":"(anonymous_7)","decl":{"start":{"line":68,"column":26},"end":{"line":68,"column":27}},"loc":{"start":{"line":68,"column":74},"end":{"line":76,"column":1}},"line":68},"8":{"name":"(anonymous_8)","decl":{"start":{"line":78,"column":36},"end":{"line":78,"column":37}},"loc":{"start":{"line":78,"column":105},"end":{"line":116,"column":1}},"line":78},"9":{"name":"(anonymous_9)","decl":{"start":{"line":88,"column":39},"end":{"line":88,"column":40}},"loc":{"start":{"line":88,"column":57},"end":{"line":98,"column":3}},"line":88},"10":{"name":"(anonymous_10)","decl":{"start":{"line":100,"column":46},"end":{"line":100,"column":47}},"loc":{"start":{"line":100,"column":64},"end":{"line":103,"column":3}},"line":100},"11":{"name":"(anonymous_11)","decl":{"start":{"line":105,"column":50},"end":{"line":105,"column":51}},"loc":{"start":{"line":105,"column":65},"end":{"line":105,"column":86}},"line":105},"12":{"name":"(anonymous_12)","decl":{"start":{"line":106,"column":48},"end":{"line":106,"column":49}},"loc":{"start":{"line":106,"column":63},"end":{"line":106,"column":84}},"line":106}},"branchMap":{"0":{"loc":{"start":{"line":53,"column":53},"end":{"line":53,"column":94}},"type":"default-arg","locations":[{"start":{"line":53,"column":64},"end":{"line":53,"column":94}}],"line":53},"1":{"loc":{"start":{"line":56,"column":56},"end":{"line":56,"column":67}},"type":"default-arg","locations":[{"start":{"line":56,"column":65},"end":{"line":56,"column":67}}],"line":56},"2":{"loc":{"start":{"line":69,"column":2},"end":{"line":71,"column":3}},"type":"if","locations":[{"start":{"line":69,"column":2},"end":{"line":71,"column":3}},{"start":{},"end":{}}],"line":69},"3":{"loc":{"start":{"line":72,"column":2},"end":{"line":74,"column":3}},"type":"if","locations":[{"start":{"line":72,"column":2},"end":{"line":74,"column":3}},{"start":{},"end":{}}],"line":72},"4":{"loc":{"start":{"line":79,"column":2},"end":{"line":81,"column":3}},"type":"if","locations":[{"start":{"line":79,"column":2},"end":{"line":81,"column":3}},{"start":{},"end":{}}],"line":79},"5":{"loc":{"start":{"line":79,"column":6},"end":{"line":79,"column":42}},"type":"binary-expr","locations":[{"start":{"line":79,"column":6},"end":{"line":79,"column":11}},{"start":{"line":79,"column":15},"end":{"line":79,"column":42}}],"line":79},"6":{"loc":{"start":{"line":84,"column":2},"end":{"line":86,"column":3}},"type":"if","locations":[{"start":{"line":84,"column":2},"end":{"line":86,"column":3}},{"start":{},"end":{}}],"line":84},"7":{"loc":{"start":{"line":92,"column":29},"end":{"line":92,"column":93}},"type":"cond-expr","locations":[{"start":{"line":92,"column":73},"end":{"line":92,"column":81}},{"start":{"line":92,"column":84},"end":{"line":92,"column":93}}],"line":92},"8":{"loc":{"start":{"line":92,"column":29},"end":{"line":92,"column":70}},"type":"binary-expr","locations":[{"start":{"line":92,"column":29},"end":{"line":92,"column":40}},{"start":{"line":92,"column":44},"end":{"line":92,"column":70}}],"line":92},"9":{"loc":{"start":{"line":102,"column":11},"end":{"line":102,"column":51}},"type":"cond-expr","locations":[{"start":{"line":102,"column":25},"end":{"line":102,"column":32}},{"start":{"line":102,"column":35},"end":{"line":102,"column":51}}],"line":102},"10":{"loc":{"start":{"line":114,"column":21},"end":{"line":114,"column":65}},"type":"binary-expr","locations":[{"start":{"line":114,"column":21},"end":{"line":114,"column":42}},{"start":{"line":114,"column":46},"end":{"line":114,"column":65}}],"line":114}},"s":{"0":1,"1":1,"2":1,"3":18,"4":1,"5":2,"6":1,"7":3,"8":3,"9":3,"10":3,"11":3,"12":3,"13":1,"14":2,"15":2,"16":2,"17":2,"18":2,"19":2,"20":1,"21":2,"22":2,"23":1,"24":2,"25":1,"26":2,"27":2,"28":2,"29":34,"30":34,"31":2,"32":1,"33":1,"34":1,"35":0,"36":0,"37":0,"38":1,"39":2,"40":1,"41":1,"42":1,"43":0,"44":1,"45":2,"46":2,"47":2,"48":2,"49":2,"50":1,"51":2,"52":2,"53":1,"54":2,"55":1,"56":2,"57":1},"f":{"0":18,"1":2,"2":3,"3":2,"4":2,"5":2,"6":2,"7":1,"8":2,"9":2,"10":2,"11":2,"12":2},"b":{"0":[2],"1":[2],"2":[1,0],"3":[0,0],"4":[1,1],"5":[2,2],"6":[0,1],"7":[1,1],"8":[2,1],"9":[1,1],"10":[1,0]},"_coverageSchema":"1a1c01bbd47fc00a2c39e90264f33305004495a9","hash":"c35575558707c1074a6ad8e32d70a4cf1b9368a0"}
}
