TN:
SF:app/onboarding.tsx
FN:22,OnboardingScreen
FN:47,(anonymous_1)
FN:66,(anonymous_2)
FN:79,(anonymous_3)
FN:108,(anonymous_4)
FN:138,(anonymous_5)
FN:176,(anonymous_6)
FN:184,(anonymous_7)
FNF:8
FNH:8
FNDA:12,OnboardingScreen
FNDA:2,(anonymous_1)
FNDA:1,(anonymous_2)
FNDA:1,(anonymous_3)
FNDA:36,(anonymous_4)
FNDA:36,(anonymous_5)
FNDA:36,(anonymous_6)
FNDA:12,(anonymous_7)
DA:14,2
DA:15,2
DA:20,2
DA:23,12
DA:24,12
DA:25,12
DA:26,12
DA:27,12
DA:28,12
DA:29,12
DA:31,12
DA:39,12
DA:40,0
DA:43,12
DA:44,0
DA:47,12
DA:48,2
DA:49,2
DA:50,2
DA:51,2
DA:52,2
DA:53,2
DA:54,1
DA:56,1
DA:57,1
DA:60,0
DA:62,2
DA:66,12
DA:67,1
DA:68,1
DA:69,1
DA:70,1
DA:71,1
DA:73,0
DA:75,1
DA:79,12
DA:80,1
DA:81,0
DA:84,1
DA:85,1
DA:86,1
DA:87,1
DA:88,1
DA:89,1
DA:91,0
DA:93,1
DA:95,0
DA:97,1
DA:101,12
DA:109,36
DA:139,36
DA:176,2
DA:177,36
DA:184,2
DA:197,12
LF:55
LH:48
BRDA:29,0,0,12
BRDA:29,0,1,6
BRDA:31,1,0,0
BRDA:31,1,1,12
BRDA:33,2,0,0
BRDA:33,2,1,12
BRDA:35,3,0,3
BRDA:35,3,1,9
BRDA:39,4,0,0
BRDA:39,4,1,12
BRDA:43,5,0,0
BRDA:43,5,1,12
BRDA:53,6,0,1
BRDA:53,6,1,1
BRDA:60,7,0,0
BRDA:60,7,1,0
BRDA:73,8,0,0
BRDA:73,8,1,0
BRDA:80,9,0,0
BRDA:80,9,1,1
BRDA:88,10,0,1
BRDA:88,10,1,0
BRDA:95,11,0,0
BRDA:95,11,1,0
BRDA:118,12,0,6
BRDA:118,12,1,6
BRDA:145,13,0,0
BRDA:145,13,1,12
BRDA:145,14,0,12
BRDA:145,14,1,12
BRDA:154,15,0,6
BRDA:154,15,1,6
BRDA:157,16,0,3
BRDA:157,16,1,9
BRDA:160,17,0,3
BRDA:160,17,1,9
BRDA:162,18,0,3
BRDA:162,18,1,0
BRDA:163,19,0,3
BRDA:163,19,1,2
BRDA:171,20,0,0
BRDA:171,20,1,12
BRDA:171,21,0,12
BRDA:171,21,1,12
BRDA:171,22,0,0
BRDA:171,22,1,0
BRDA:177,23,0,12
BRDA:177,23,1,24
BRDA:198,24,0,4
BRDA:198,24,1,8
BRF:50
BRH:33
end_of_record
TN:
SF:src/components/drive/RideRequestCard.tsx
FN:12,(anonymous_0)
FN:20,(anonymous_1)
FN:62,(anonymous_2)
FN:99,(anonymous_3)
FN:118,(anonymous_4)
FN:122,(anonymous_5)
FN:138,(anonymous_6)
FN:141,(anonymous_7)
FN:142,(anonymous_8)
FN:232,(anonymous_9)
FNF:10
FNH:10
FNDA:11,(anonymous_0)
FNDA:7,(anonymous_1)
FNDA:24,(anonymous_2)
FNDA:8,(anonymous_3)
FNDA:30,(anonymous_4)
FNDA:1,(anonymous_5)
FNDA:2,(anonymous_6)
FNDA:1,(anonymous_7)
FNDA:1,(anonymous_8)
FNDA:15,(anonymous_9)
DA:10,2
DA:12,2
DA:13,11
DA:14,11
DA:15,11
DA:16,11
DA:17,11
DA:18,11
DA:20,11
DA:21,7
DA:22,7
DA:23,7
DA:26,11
DA:27,0
DA:30,11
DA:31,8
DA:32,0
DA:35,8
DA:36,8
DA:37,8
DA:39,8
DA:63,24
DA:64,24
DA:65,24
DA:66,24
DA:100,8
DA:119,30
DA:122,1
DA:139,2
DA:141,1
DA:142,1
DA:173,3
DA:174,3
DA:176,3
DA:232,2
DA:233,15
LF:36
LH:34
BRDA:26,0,0,0
BRDA:26,0,1,11
BRDA:26,1,0,11
BRDA:26,1,1,8
BRDA:30,2,0,8
BRDA:30,2,1,3
BRDA:31,3,0,0
BRDA:31,3,1,8
BRDA:40,4,0,0
BRDA:40,4,1,8
BRDA:49,5,0,0
BRDA:49,5,1,8
BRDA:50,6,0,0
BRDA:50,6,1,8
BRDA:51,7,0,0
BRDA:51,7,1,8
BRDA:65,8,0,22
BRDA:65,8,1,2
BRDA:65,9,0,24
BRDA:65,9,1,10
BRDA:71,10,0,8
BRDA:71,10,1,16
BRDA:77,11,0,8
BRDA:77,11,1,16
BRDA:81,12,0,16
BRDA:81,12,1,8
BRDA:84,13,0,14
BRDA:84,13,1,2
BRDA:114,14,0,6
BRDA:114,14,1,2
BRDA:114,15,0,8
BRDA:114,15,1,6
BRDA:121,16,0,24
BRDA:121,16,1,6
BRDA:142,17,0,1
BRDA:142,17,1,0
BRDA:149,18,0,2
BRDA:149,18,1,4
BRDA:151,19,0,0
BRDA:151,19,1,2
BRDA:151,20,0,2
BRDA:151,20,1,0
BRDA:155,21,0,0
BRDA:155,21,1,0
BRDA:177,22,0,0
BRDA:177,22,1,3
BRDA:184,23,0,0
BRDA:184,23,1,3
BRDA:185,24,0,0
BRDA:185,24,1,3
BRDA:195,25,0,1
BRDA:195,25,1,2
BRDA:197,26,0,1
BRDA:197,26,1,2
BRDA:200,27,0,1
BRDA:200,27,1,2
BRDA:221,28,0,0
BRDA:221,28,1,3
BRDA:222,29,0,0
BRDA:222,29,1,3
BRF:60
BRH:44
end_of_record
TN:
SF:src/services/realtime/mockDriveFeed.ts
FN:22,(anonymous_0)
FN:24,(anonymous_1)
FN:29,(anonymous_2)
FN:30,(anonymous_3)
FN:44,(anonymous_4)
FN:45,(anonymous_5)
FN:62,(anonymous_6)
FN:73,(anonymous_7)
FN:84,(anonymous_8)
FN:87,(anonymous_9)
FN:93,(anonymous_10)
FN:98,(anonymous_11)
FN:99,(anonymous_12)
FN:100,(anonymous_13)
FN:101,(anonymous_14)
FN:113,(anonymous_15)
FNF:16
FNH:12
FNDA:0,(anonymous_0)
FNDA:24,(anonymous_1)
FNDA:2,(anonymous_2)
FNDA:8,(anonymous_3)
FNDA:2,(anonymous_4)
FNDA:8,(anonymous_5)
FNDA:0,(anonymous_6)
FNDA:8,(anonymous_7)
FNDA:2,(anonymous_8)
FNDA:2,(anonymous_9)
FNDA:8,(anonymous_10)
FNDA:8,(anonymous_11)
FNDA:3,(anonymous_12)
FNDA:3,(anonymous_13)
FNDA:0,(anonymous_14)
FNDA:0,(anonymous_15)
DA:3,1
DA:4,1
DA:5,1
DA:6,1
DA:7,1
DA:8,1
DA:9,1
DA:10,1
DA:11,1
DA:12,1
DA:13,1
DA:22,1
DA:24,24
DA:29,1
DA:30,8
DA:38,1
DA:44,1
DA:45,8
DA:62,1
DA:66,0
DA:67,0
DA:69,0
DA:70,0
DA:73,1
DA:74,8
DA:75,8
DA:76,8
DA:84,1
DA:85,2
DA:87,1
DA:92,2
DA:93,2
DA:94,8
DA:97,2
DA:98,8
DA:99,3
DA:100,3
DA:102,0
DA:103,0
DA:104,0
DA:105,0
DA:107,0
DA:110,2
DA:113,1
LF:44
LH:35
BRDA:24,0,0,0
BRDA:24,1,0,24
BRDA:66,2,0,0
BRDA:66,2,1,0
BRDA:67,3,0,0
BRDA:67,3,1,0
BRDA:69,4,0,0
BRDA:69,4,1,0
BRDA:69,5,0,0
BRDA:69,5,1,0
BRDA:74,6,0,8
BRDA:74,6,1,0
BRDA:85,7,0,1
BRDA:85,7,1,1
BRDA:87,8,0,0
BRDA:88,9,0,0
BRDA:89,10,0,1
BRDA:90,11,0,0
BRDA:104,12,0,0
BRDA:104,12,1,0
BRDA:110,13,0,1
BRDA:110,13,1,1
BRF:22
BRH:7
end_of_record
TN:
SF:src/utils/driveStatus.ts
FN:47,(anonymous_0)
FNF:1
FNH:1
FNDA:3,(anonymous_0)
DA:3,3
DA:5,3
DA:11,3
DA:47,3
DA:48,3
DA:49,3
LF:6
LH:6
BRDA:49,0,0,3
BRDA:49,0,1,1
BRF:2
BRH:2
end_of_record
TN:
SF:src/utils/navigation.ts
FN:21,(anonymous_0)
FN:22,(anonymous_1)
FN:24,(anonymous_2)
FN:37,(anonymous_3)
FN:48,(anonymous_4)
FN:53,(anonymous_5)
FN:56,(anonymous_6)
FN:68,(anonymous_7)
FN:78,(anonymous_8)
FN:88,(anonymous_9)
FN:100,(anonymous_10)
FN:105,(anonymous_11)
FN:106,(anonymous_12)
FNF:13
FNH:13
FNDA:18,(anonymous_0)
FNDA:2,(anonymous_1)
FNDA:3,(anonymous_2)
FNDA:2,(anonymous_3)
FNDA:2,(anonymous_4)
FNDA:2,(anonymous_5)
FNDA:2,(anonymous_6)
FNDA:1,(anonymous_7)
FNDA:2,(anonymous_8)
FNDA:2,(anonymous_9)
FNDA:2,(anonymous_10)
FNDA:2,(anonymous_11)
FNDA:2,(anonymous_12)
DA:18,1
DA:19,1
DA:21,18
DA:22,2
DA:24,1
DA:25,3
DA:26,3
DA:27,3
DA:28,3
DA:31,3
DA:34,3
DA:37,1
DA:38,2
DA:39,2
DA:40,2
DA:42,2
DA:43,2
DA:45,2
DA:48,1
DA:49,2
DA:50,2
DA:53,1
DA:54,2
DA:56,1
DA:57,2
DA:58,2
DA:59,34
DA:60,34
DA:65,2
DA:68,1
DA:69,1
DA:70,1
DA:72,0
DA:73,0
DA:75,0
DA:78,1
DA:79,2
DA:80,1
DA:83,1
DA:84,1
DA:85,0
DA:88,1
DA:89,2
DA:90,2
DA:91,2
DA:92,2
DA:93,2
DA:100,1
DA:101,2
DA:102,2
DA:105,2
DA:106,2
DA:108,1
LF:53
LH:49
BRDA:53,0,0,2
BRDA:56,1,0,2
BRDA:69,2,0,1
BRDA:69,2,1,0
BRDA:72,3,0,0
BRDA:72,3,1,0
BRDA:79,4,0,1
BRDA:79,4,1,1
BRDA:79,5,0,2
BRDA:79,5,1,2
BRDA:84,6,0,0
BRDA:84,6,1,1
BRDA:92,7,0,1
BRDA:92,7,1,1
BRDA:92,8,0,2
BRDA:92,8,1,1
BRDA:102,9,0,1
BRDA:102,9,1,1
BRDA:114,10,0,1
BRDA:114,10,1,0
BRF:20
BRH:15
end_of_record
